Started GET "/jobs" for ::1 at 2024-12-30 15:08:46 +0100
  [1m[35m (1.6ms)[0m  [1m[35mCREATE TABLE "schema_migrations" ("version" varchar NOT NULL PRIMARY KEY) /*application='TestMc'*/[0m
  [1m[35m (0.1ms)[0m  [1m[35mCREATE TABLE "ar_internal_metadata" ("key" varchar NOT NULL PRIMARY KEY, "value" varchar, "created_at" datetime(6) NOT NULL, "updated_at" datetime(6) NOT NULL) /*application='TestMc'*/[0m
  [1m[36mActiveRecord::SchemaMigration Load (0.1ms)[0m  [1m[34mSELECT "schema_migrations"."version" FROM "schema_migrations" ORDER BY "schema_migrations"."version" ASC /*application='TestMc'*/[0m
Processing by MissionControl::Jobs::QueuesController#index as HTML
Filter chain halted as :authenticate_by_http_basic rendered or redirected
Completed 401 Unauthorized in 94ms (ActiveRecord: 0.0ms (0 queries, 0 cached) | GC: 0.0ms)


Started GET "/jobs" for ::1 at 2024-12-30 15:08:50 +0100
Processing by MissionControl::Jobs::QueuesController#index as HTML
Filter chain halted as :authenticate_by_http_basic rendered or redirected
Completed 401 Unauthorized in 45ms (ActiveRecord: 0.0ms (0 queries, 0 cached) | GC: 0.0ms)


Started GET "/jobs" for ::1 at 2024-12-30 15:09:38 +0100
  [1m[36mActiveRecord::SchemaMigration Load (0.6ms)[0m  [1m[34mSELECT "schema_migrations"."version" FROM "schema_migrations" ORDER BY "schema_migrations"."version" ASC /*application='TestMc'*/[0m
Processing by MissionControl::Jobs::QueuesController#index as HTML
Filter chain halted as :authenticate_by_http_basic rendered or redirected
Completed 401 Unauthorized in 92ms (ActiveRecord: 0.0ms (0 queries, 0 cached) | GC: 0.0ms)


Started GET "/jobs" for ::1 at 2024-12-30 15:09:44 +0100
Processing by MissionControl::Jobs::QueuesController#index as HTML
  Rendering layout /Users/o.kaluzny/.rbenv/versions/3.4.1/lib/ruby/gems/3.4.0/gems/mission_control-jobs-1.0.1/app/views/layouts/mission_control/jobs/application.html.erb
  Rendering /Users/o.kaluzny/.rbenv/versions/3.4.1/lib/ruby/gems/3.4.0/gems/mission_control-jobs-1.0.1/app/views/mission_control/jobs/queues/index.html.erb within layouts/mission_control/jobs/application
  Rendered collection of /Users/o.kaluzny/.rbenv/versions/3.4.1/lib/ruby/gems/3.4.0/gems/mission_control-jobs-1.0.1/app/views/mission_control/jobs/queues/_queue.html.erb [0 times] (Duration: 0.0ms | GC: 0.0ms)
  Rendered /Users/o.kaluzny/.rbenv/versions/3.4.1/lib/ruby/gems/3.4.0/gems/mission_control-jobs-1.0.1/app/views/mission_control/jobs/queues/index.html.erb within layouts/mission_control/jobs/application (Duration: 1.5ms | GC: 0.0ms)
  Rendered /Users/o.kaluzny/.rbenv/versions/3.4.1/lib/ruby/gems/3.4.0/gems/mission_control-jobs-1.0.1/app/views/layouts/mission_control/jobs/application_selection/_servers.html.erb (Duration: 2.0ms | GC: 0.0ms)
  Rendered /Users/o.kaluzny/.rbenv/versions/3.4.1/lib/ruby/gems/3.4.0/gems/mission_control-jobs-1.0.1/app/views/layouts/mission_control/jobs/_application_selection.html.erb (Duration: 2.8ms | GC: 0.0ms)
  Rendered /Users/o.kaluzny/.rbenv/versions/3.4.1/lib/ruby/gems/3.4.0/gems/mission_control-jobs-1.0.1/app/views/layouts/mission_control/jobs/_flash.html.erb (Duration: 0.8ms | GC: 0.0ms)
  Rendered /Users/o.kaluzny/.rbenv/versions/3.4.1/lib/ruby/gems/3.4.0/gems/mission_control-jobs-1.0.1/app/views/layouts/mission_control/jobs/_navigation.html.erb (Duration: 19.8ms | GC: 0.0ms)
  Rendered layout /Users/o.kaluzny/.rbenv/versions/3.4.1/lib/ruby/gems/3.4.0/gems/mission_control-jobs-1.0.1/app/views/layouts/mission_control/jobs/application.html.erb (Duration: 46.1ms | GC: 0.0ms)
Completed 200 OK in 129ms (Views: 52.5ms | ActiveRecord: 0.0ms (0 queries, 0 cached) | GC: 0.0ms)


Started GET "/assets/mission_control/jobs/bulma.min-a4df5423.css" for ::1 at 2024-12-30 15:09:44 +0100
Started GET "/assets/mission_control/jobs/application-8d538c5b.js" for ::1 at 2024-12-30 15:09:44 +0100
Started GET "/assets/turbo.min-fae85750.js" for ::1 at 2024-12-30 15:09:44 +0100
Started GET "/assets/mission_control/jobs/controllers/application-3affb389.js" for ::1 at 2024-12-30 15:09:44 +0100
Started GET "/assets/mission_control/jobs/controllers/form_controller-2f354a00.js" for ::1 at 2024-12-30 15:09:45 +0100
Started GET "/assets/mission_control/jobs/controllers/index-c3f5d3c4.js" for ::1 at 2024-12-30 15:09:45 +0100
Started GET "/assets/mission_control/jobs/helpers/debounce_helpers-b50ffac4.js" for ::1 at 2024-12-30 15:09:45 +0100
Started GET "/assets/mission_control/jobs/helpers/index-189f6a8b.js" for ::1 at 2024-12-30 15:09:45 +0100
Started GET "/assets/mission_control/jobs/application-de705c0a.css" for ::1 at 2024-12-30 15:09:45 +0100
Started GET "/assets/stimulus.min-4b1e420e.js" for ::1 at 2024-12-30 15:09:45 +0100
Started GET "/assets/stimulus-loading-1fc53fe7.js" for ::1 at 2024-12-30 15:09:45 +0100
Started GET "/jobs/applications/testmc/failed/jobs?server_id=async" for ::1 at 2024-12-30 15:09:49 +0100
Processing by MissionControl::Jobs::JobsController#index as HTML
  Parameters: {"server_id" => "async", "application_id" => "testmc", "status" => "failed"}
  Rendering layout /Users/o.kaluzny/.rbenv/versions/3.4.1/lib/ruby/gems/3.4.0/gems/mission_control-jobs-1.0.1/app/views/layouts/mission_control/jobs/application.html.erb
  Rendering /Users/o.kaluzny/.rbenv/versions/3.4.1/lib/ruby/gems/3.4.0/gems/mission_control-jobs-1.0.1/app/views/mission_control/jobs/jobs/index.html.erb within layouts/mission_control/jobs/application
  Rendered /Users/o.kaluzny/.rbenv/versions/3.4.1/lib/ruby/gems/3.4.0/gems/mission_control-jobs-1.0.1/app/views/mission_control/jobs/jobs/index.html.erb within layouts/mission_control/jobs/application (Duration: 6.8ms | GC: 0.0ms)
  Rendered /Users/o.kaluzny/.rbenv/versions/3.4.1/lib/ruby/gems/3.4.0/gems/mission_control-jobs-1.0.1/app/views/layouts/mission_control/jobs/application_selection/_servers.html.erb (Duration: 0.8ms | GC: 0.0ms)
  Rendered /Users/o.kaluzny/.rbenv/versions/3.4.1/lib/ruby/gems/3.4.0/gems/mission_control-jobs-1.0.1/app/views/layouts/mission_control/jobs/_application_selection.html.erb (Duration: 1.3ms | GC: 0.0ms)
  Rendered /Users/o.kaluzny/.rbenv/versions/3.4.1/lib/ruby/gems/3.4.0/gems/mission_control-jobs-1.0.1/app/views/layouts/mission_control/jobs/_flash.html.erb (Duration: 0.0ms | GC: 0.0ms)
  Rendered /Users/o.kaluzny/.rbenv/versions/3.4.1/lib/ruby/gems/3.4.0/gems/mission_control-jobs-1.0.1/app/views/layouts/mission_control/jobs/_navigation.html.erb (Duration: 2.6ms | GC: 0.7ms)
  Rendered layout /Users/o.kaluzny/.rbenv/versions/3.4.1/lib/ruby/gems/3.4.0/gems/mission_control-jobs-1.0.1/app/views/layouts/mission_control/jobs/application.html.erb (Duration: 30.2ms | GC: 7.1ms)
Completed 200 OK in 76ms (Views: 31.5ms | ActiveRecord: 0.0ms (0 queries, 0 cached) | GC: 8.3ms)


Started GET "/jobs/applications/testmc/failed/jobs?server_id=async" for ::1 at 2024-12-30 15:09:50 +0100
Processing by MissionControl::Jobs::JobsController#index as HTML
  Parameters: {"server_id" => "async", "application_id" => "testmc", "status" => "failed"}
  Rendering layout /Users/o.kaluzny/.rbenv/versions/3.4.1/lib/ruby/gems/3.4.0/gems/mission_control-jobs-1.0.1/app/views/layouts/mission_control/jobs/application.html.erb
  Rendering /Users/o.kaluzny/.rbenv/versions/3.4.1/lib/ruby/gems/3.4.0/gems/mission_control-jobs-1.0.1/app/views/mission_control/jobs/jobs/index.html.erb within layouts/mission_control/jobs/application
  Rendered /Users/o.kaluzny/.rbenv/versions/3.4.1/lib/ruby/gems/3.4.0/gems/mission_control-jobs-1.0.1/app/views/mission_control/jobs/jobs/index.html.erb within layouts/mission_control/jobs/application (Duration: 1.4ms | GC: 0.4ms)
  Rendered /Users/o.kaluzny/.rbenv/versions/3.4.1/lib/ruby/gems/3.4.0/gems/mission_control-jobs-1.0.1/app/views/layouts/mission_control/jobs/application_selection/_servers.html.erb (Duration: 0.1ms | GC: 0.0ms)
  Rendered /Users/o.kaluzny/.rbenv/versions/3.4.1/lib/ruby/gems/3.4.0/gems/mission_control-jobs-1.0.1/app/views/layouts/mission_control/jobs/_application_selection.html.erb (Duration: 0.3ms | GC: 0.0ms)
  Rendered /Users/o.kaluzny/.rbenv/versions/3.4.1/lib/ruby/gems/3.4.0/gems/mission_control-jobs-1.0.1/app/views/layouts/mission_control/jobs/_flash.html.erb (Duration: 0.0ms | GC: 0.0ms)
  Rendered /Users/o.kaluzny/.rbenv/versions/3.4.1/lib/ruby/gems/3.4.0/gems/mission_control-jobs-1.0.1/app/views/layouts/mission_control/jobs/_navigation.html.erb (Duration: 3.4ms | GC: 0.5ms)
  Rendered layout /Users/o.kaluzny/.rbenv/versions/3.4.1/lib/ruby/gems/3.4.0/gems/mission_control-jobs-1.0.1/app/views/layouts/mission_control/jobs/application.html.erb (Duration: 10.9ms | GC: 3.1ms)
Completed 200 OK in 63ms (Views: 11.5ms | ActiveRecord: 0.0ms (0 queries, 0 cached) | GC: 4.3ms)


Started GET "/jobs/applications/testmc/queues?server_id=async" for ::1 at 2024-12-30 15:09:51 +0100
Processing by MissionControl::Jobs::QueuesController#index as HTML
  Parameters: {"server_id" => "async", "application_id" => "testmc"}
  Rendering layout /Users/o.kaluzny/.rbenv/versions/3.4.1/lib/ruby/gems/3.4.0/gems/mission_control-jobs-1.0.1/app/views/layouts/mission_control/jobs/application.html.erb
  Rendering /Users/o.kaluzny/.rbenv/versions/3.4.1/lib/ruby/gems/3.4.0/gems/mission_control-jobs-1.0.1/app/views/mission_control/jobs/queues/index.html.erb within layouts/mission_control/jobs/application
  Rendered collection of /Users/o.kaluzny/.rbenv/versions/3.4.1/lib/ruby/gems/3.4.0/gems/mission_control-jobs-1.0.1/app/views/mission_control/jobs/queues/_queue.html.erb [0 times] (Duration: 1.5ms | GC: 0.0ms)
  Rendered /Users/o.kaluzny/.rbenv/versions/3.4.1/lib/ruby/gems/3.4.0/gems/mission_control-jobs-1.0.1/app/views/mission_control/jobs/queues/index.html.erb within layouts/mission_control/jobs/application (Duration: 2.2ms | GC: 0.0ms)
  Rendered /Users/o.kaluzny/.rbenv/versions/3.4.1/lib/ruby/gems/3.4.0/gems/mission_control-jobs-1.0.1/app/views/layouts/mission_control/jobs/application_selection/_servers.html.erb (Duration: 0.1ms | GC: 0.0ms)
  Rendered /Users/o.kaluzny/.rbenv/versions/3.4.1/lib/ruby/gems/3.4.0/gems/mission_control-jobs-1.0.1/app/views/layouts/mission_control/jobs/_application_selection.html.erb (Duration: 0.4ms | GC: 0.0ms)
  Rendered /Users/o.kaluzny/.rbenv/versions/3.4.1/lib/ruby/gems/3.4.0/gems/mission_control-jobs-1.0.1/app/views/layouts/mission_control/jobs/_flash.html.erb (Duration: 0.1ms | GC: 0.0ms)
  Rendered /Users/o.kaluzny/.rbenv/versions/3.4.1/lib/ruby/gems/3.4.0/gems/mission_control-jobs-1.0.1/app/views/layouts/mission_control/jobs/_navigation.html.erb (Duration: 2.8ms | GC: 0.0ms)
  Rendered layout /Users/o.kaluzny/.rbenv/versions/3.4.1/lib/ruby/gems/3.4.0/gems/mission_control-jobs-1.0.1/app/views/layouts/mission_control/jobs/application.html.erb (Duration: 10.1ms | GC: 0.0ms)
Completed 200 OK in 61ms (Views: 10.5ms | ActiveRecord: 0.0ms (0 queries, 0 cached) | GC: 0.0ms)


Started GET "/" for ::1 at 2024-12-30 15:09:52 +0100
Processing by Rails::WelcomeController#index as HTML
  Rendering /Users/o.kaluzny/.rbenv/versions/3.4.1/lib/ruby/gems/3.4.0/gems/railties-8.0.1/lib/rails/templates/rails/welcome/index.html.erb
  Rendered /Users/o.kaluzny/.rbenv/versions/3.4.1/lib/ruby/gems/3.4.0/gems/railties-8.0.1/lib/rails/templates/rails/welcome/index.html.erb (Duration: 1.1ms | GC: 0.0ms)
Completed 200 OK in 48ms (Views: 2.2ms | ActiveRecord: 0.0ms (0 queries, 0 cached) | GC: 0.0ms)


Started GET "/health" for ::1 at 2024-12-30 15:10:00 +0100
  
ActionController::RoutingError (No route matches [GET] "/health"):
  
Started GET "/up" for ::1 at 2024-12-30 15:10:06 +0100
Processing by Rails::HealthController#show as HTML
  Rendering html template
  Rendered html template (Duration: 0.5ms | GC: 0.0ms)
Completed 200 OK in 57ms (Views: 3.6ms | ActiveRecord: 0.0ms (0 queries, 0 cached) | GC: 0.0ms)


Started GET "/dummy" for ::1 at 2024-12-30 15:11:35 +0100
Processing by DummyController#show as HTML
Completed 406 Not Acceptable in 45ms (ActiveRecord: 0.0ms (0 queries, 0 cached) | GC: 0.5ms)


  
ActionController::MissingExactTemplate (DummyController#show is missing a template for request formats: text/html):
  
actionpack (8.0.1) lib/action_controller/metal/implicit_render.rb:49:in 'ActionController::ImplicitRender#default_render'
actionpack (8.0.1) lib/action_controller/metal/basic_implicit_render.rb:9:in 'ActionController::BasicImplicitRender#send_action'
actionpack (8.0.1) lib/abstract_controller/base.rb:226:in 'AbstractController::Base#process_action'
actionpack (8.0.1) lib/action_controller/metal/rendering.rb:193:in 'ActionController::Rendering#process_action'
actionpack (8.0.1) lib/abstract_controller/callbacks.rb:261:in 'block in AbstractController::Callbacks#process_action'
activesupport (8.0.1) lib/active_support/callbacks.rb:120:in 'block in ActiveSupport::Callbacks#run_callbacks'
turbo-rails (2.0.11) lib/turbo-rails.rb:24:in 'Turbo.with_request_id'
turbo-rails (2.0.11) app/controllers/concerns/turbo/request_id_tracking.rb:10:in 'Turbo::RequestIdTracking#turbo_tracking_request_id'
activesupport (8.0.1) lib/active_support/callbacks.rb:129:in 'block in ActiveSupport::Callbacks#run_callbacks'
actiontext (8.0.1) lib/action_text/rendering.rb:25:in 'ActionText::Rendering::ClassMethods#with_renderer'
actiontext (8.0.1) lib/action_text/engine.rb:71:in 'block (4 levels) in <class:Engine>'
activesupport (8.0.1) lib/active_support/callbacks.rb:129:in 'BasicObject#instance_exec'
activesupport (8.0.1) lib/active_support/callbacks.rb:129:in 'block in ActiveSupport::Callbacks#run_callbacks'
activesupport (8.0.1) lib/active_support/callbacks.rb:140:in 'ActiveSupport::Callbacks#run_callbacks'
actionpack (8.0.1) lib/abstract_controller/callbacks.rb:260:in 'AbstractController::Callbacks#process_action'
actionpack (8.0.1) lib/action_controller/metal/rescue.rb:27:in 'ActionController::Rescue#process_action'
actionpack (8.0.1) lib/action_controller/metal/instrumentation.rb:76:in 'block in ActionController::Instrumentation#process_action'
activesupport (8.0.1) lib/active_support/notifications.rb:210:in 'block in ActiveSupport::Notifications.instrument'
activesupport (8.0.1) lib/active_support/notifications/instrumenter.rb:58:in 'ActiveSupport::Notifications::Instrumenter#instrument'
activesupport (8.0.1) lib/active_support/notifications.rb:210:in 'ActiveSupport::Notifications.instrument'
actionpack (8.0.1) lib/action_controller/metal/instrumentation.rb:75:in 'ActionController::Instrumentation#process_action'
actionpack (8.0.1) lib/action_controller/metal/params_wrapper.rb:259:in 'ActionController::ParamsWrapper#process_action'
activerecord (8.0.1) lib/active_record/railties/controller_runtime.rb:39:in 'ActiveRecord::Railties::ControllerRuntime#process_action'
actionpack (8.0.1) lib/abstract_controller/base.rb:163:in 'AbstractController::Base#process'
actionview (8.0.1) lib/action_view/rendering.rb:40:in 'ActionView::Rendering#process'
actionpack (8.0.1) lib/action_controller/metal.rb:252:in 'ActionController::Metal#dispatch'
actionpack (8.0.1) lib/action_controller/metal.rb:335:in 'ActionController::Metal.dispatch'
actionpack (8.0.1) lib/action_dispatch/routing/route_set.rb:67:in 'ActionDispatch::Routing::RouteSet::Dispatcher#dispatch'
actionpack (8.0.1) lib/action_dispatch/routing/route_set.rb:50:in 'ActionDispatch::Routing::RouteSet::Dispatcher#serve'
actionpack (8.0.1) lib/action_dispatch/journey/router.rb:53:in 'block in ActionDispatch::Journey::Router#serve'
actionpack (8.0.1) lib/action_dispatch/journey/router.rb:133:in 'block in ActionDispatch::Journey::Router#find_routes'
actionpack (8.0.1) lib/action_dispatch/journey/router.rb:126:in 'Array#each'
actionpack (8.0.1) lib/action_dispatch/journey/router.rb:126:in 'ActionDispatch::Journey::Router#find_routes'
actionpack (8.0.1) lib/action_dispatch/journey/router.rb:34:in 'ActionDispatch::Journey::Router#serve'
actionpack (8.0.1) lib/action_dispatch/routing/route_set.rb:908:in 'ActionDispatch::Routing::RouteSet#call'
railties (8.0.1) lib/rails/engine/lazy_route_set.rb:68:in 'Rails::Engine::LazyRouteSet#call'
rack (3.1.8) lib/rack/tempfile_reaper.rb:20:in 'Rack::TempfileReaper#call'
rack (3.1.8) lib/rack/etag.rb:29:in 'Rack::ETag#call'
rack (3.1.8) lib/rack/conditional_get.rb:31:in 'Rack::ConditionalGet#call'
rack (3.1.8) lib/rack/head.rb:15:in 'Rack::Head#call'
actionpack (8.0.1) lib/action_dispatch/http/permissions_policy.rb:38:in 'ActionDispatch::PermissionsPolicy::Middleware#call'
actionpack (8.0.1) lib/action_dispatch/http/content_security_policy.rb:38:in 'ActionDispatch::ContentSecurityPolicy::Middleware#call'
rack-session (2.0.0) lib/rack/session/abstract/id.rb:272:in 'Rack::Session::Abstract::Persisted#context'
rack-session (2.0.0) lib/rack/session/abstract/id.rb:266:in 'Rack::Session::Abstract::Persisted#call'
actionpack (8.0.1) lib/action_dispatch/middleware/cookies.rb:706:in 'ActionDispatch::Cookies#call'
activerecord (8.0.1) lib/active_record/migration.rb:671:in 'ActiveRecord::Migration::CheckPending#call'
actionpack (8.0.1) lib/action_dispatch/middleware/callbacks.rb:31:in 'block in ActionDispatch::Callbacks#call'
activesupport (8.0.1) lib/active_support/callbacks.rb:100:in 'ActiveSupport::Callbacks#run_callbacks'
actionpack (8.0.1) lib/action_dispatch/middleware/callbacks.rb:30:in 'ActionDispatch::Callbacks#call'
actionpack (8.0.1) lib/action_dispatch/middleware/executor.rb:16:in 'ActionDispatch::Executor#call'
actionpack (8.0.1) lib/action_dispatch/middleware/actionable_exceptions.rb:18:in 'ActionDispatch::ActionableExceptions#call'
actionpack (8.0.1) lib/action_dispatch/middleware/debug_exceptions.rb:31:in 'ActionDispatch::DebugExceptions#call'
web-console (4.2.1) lib/web_console/middleware.rb:132:in 'WebConsole::Middleware#call_app'
web-console (4.2.1) lib/web_console/middleware.rb:28:in 'block in WebConsole::Middleware#call'
web-console (4.2.1) lib/web_console/middleware.rb:17:in 'Kernel#catch'
web-console (4.2.1) lib/web_console/middleware.rb:17:in 'WebConsole::Middleware#call'
actionpack (8.0.1) lib/action_dispatch/middleware/show_exceptions.rb:32:in 'ActionDispatch::ShowExceptions#call'
railties (8.0.1) lib/rails/rack/logger.rb:41:in 'Rails::Rack::Logger#call_app'
railties (8.0.1) lib/rails/rack/logger.rb:29:in 'Rails::Rack::Logger#call'
actionpack (8.0.1) lib/action_dispatch/middleware/remote_ip.rb:96:in 'ActionDispatch::RemoteIp#call'
actionpack (8.0.1) lib/action_dispatch/middleware/request_id.rb:34:in 'ActionDispatch::RequestId#call'
rack (3.1.8) lib/rack/method_override.rb:28:in 'Rack::MethodOverride#call'
rack (3.1.8) lib/rack/runtime.rb:24:in 'Rack::Runtime#call'
actionpack (8.0.1) lib/action_dispatch/middleware/server_timing.rb:61:in 'block in ActionDispatch::ServerTiming#call'
actionpack (8.0.1) lib/action_dispatch/middleware/server_timing.rb:26:in 'ActionDispatch::ServerTiming::Subscriber#collect_events'
actionpack (8.0.1) lib/action_dispatch/middleware/server_timing.rb:60:in 'ActionDispatch::ServerTiming#call'
actionpack (8.0.1) lib/action_dispatch/middleware/executor.rb:16:in 'ActionDispatch::Executor#call'
actionpack (8.0.1) lib/action_dispatch/middleware/static.rb:27:in 'ActionDispatch::Static#call'
rack (3.1.8) lib/rack/sendfile.rb:114:in 'Rack::Sendfile#call'
actionpack (8.0.1) lib/action_dispatch/middleware/host_authorization.rb:143:in 'ActionDispatch::HostAuthorization#call'
railties (8.0.1) lib/rails/engine.rb:535:in 'Rails::Engine#call'
puma (6.5.0) lib/puma/configuration.rb:279:in 'Puma::Configuration::ConfigMiddleware#call'
puma (6.5.0) lib/puma/request.rb:99:in 'block in Puma::Request#handle_request'
puma (6.5.0) lib/puma/thread_pool.rb:389:in 'Puma::ThreadPool#with_force_shutdown'
puma (6.5.0) lib/puma/request.rb:98:in 'Puma::Request#handle_request'
puma (6.5.0) lib/puma/server.rb:468:in 'Puma::Server#process_client'
puma (6.5.0) lib/puma/server.rb:249:in 'block in Puma::Server#run'
puma (6.5.0) lib/puma/thread_pool.rb:166:in 'block in Puma::ThreadPool#spawn_thread'
Started GET "/dummy" for ::1 at 2024-12-30 15:12:07 +0100
Processing by DummyController#show as HTML
  Rendering layout layouts/application.html.erb
  Rendering dummy/show.html.erb within layouts/application
  Rendered dummy/show.html.erb within layouts/application (Duration: 0.5ms | GC: 0.0ms)
  Rendered layout layouts/application.html.erb (Duration: 12.6ms | GC: 0.7ms)
Completed 200 OK in 61ms (Views: 15.2ms | ActiveRecord: 0.0ms (0 queries, 0 cached) | GC: 0.7ms)


Started GET "/assets/application-8b441ae0.css" for ::1 at 2024-12-30 15:12:07 +0100
Started GET "/assets/application-bfcdf840.js" for ::1 at 2024-12-30 15:12:07 +0100
Started GET "/assets/controllers/application-3affb389.js" for ::1 at 2024-12-30 15:12:07 +0100
Started GET "/assets/controllers/hello_controller-708796bd.js" for ::1 at 2024-12-30 15:12:07 +0100
Started GET "/assets/controllers/index-ee64e1f1.js" for ::1 at 2024-12-30 15:12:07 +0100
Started GET "/dummy" for ::1 at 2024-12-30 15:12:19 +0100
Processing by DummyController#show as HTML
  Rendering layout layouts/application.html.erb
  Rendering dummy/show.html.erb within layouts/application
  Rendered dummy/show.html.erb within layouts/application (Duration: 3.3ms | GC: 0.6ms)
  Rendered layout layouts/application.html.erb (Duration: 4.3ms | GC: 1.4ms)
Completed 500 Internal Server Error in 51ms (ActiveRecord: 0.0ms (0 queries, 0 cached) | GC: 2.2ms)


  
ActionView::Template::Error (Object must be a Date, DateTime or Time object. ".test" given.)
Caused by: I18n::ArgumentError (Object must be a Date, DateTime or Time object. ".test" given.)

Information for: ActionView::Template::Error (Object must be a Date, DateTime or Time object. ".test" given.):
    1: <h1>Test</h1>
    2: 
    3: <%= l('.test') %>
  
app/views/dummy/show.html.erb:3

Information for cause: I18n::ArgumentError (Object must be a Date, DateTime or Time object. ".test" given.):
  
app/views/dummy/show.html.erb:3
Started GET "/dummy" for ::1 at 2024-12-30 15:12:26 +0100
Processing by DummyController#show as HTML
  Rendering layout layouts/application.html.erb
  Rendering dummy/show.html.erb within layouts/application
  Rendered dummy/show.html.erb within layouts/application (Duration: 1.9ms | GC: 0.0ms)
  Rendered layout layouts/application.html.erb (Duration: 6.6ms | GC: 0.0ms)
Completed 200 OK in 49ms (Views: 8.0ms | ActiveRecord: 0.0ms (0 queries, 0 cached) | GC: 0.6ms)


Started GET "/dummy" for ::1 at 2024-12-30 15:12:27 +0100
Processing by DummyController#show as HTML
  Rendering layout layouts/application.html.erb
  Rendering dummy/show.html.erb within layouts/application
  Rendered dummy/show.html.erb within layouts/application (Duration: 0.5ms | GC: 0.0ms)
  Rendered layout layouts/application.html.erb (Duration: 2.4ms | GC: 0.0ms)
Completed 200 OK in 58ms (Views: 2.9ms | ActiveRecord: 0.0ms (0 queries, 0 cached) | GC: 0.0ms)


Started GET "/jobs/applications/testmc/queues?server_id=async" for ::1 at 2024-12-30 15:12:48 +0100
  [1m[36mActiveRecord::SchemaMigration Load (0.5ms)[0m  [1m[34mSELECT "schema_migrations"."version" FROM "schema_migrations" ORDER BY "schema_migrations"."version" ASC /*application='TestMc'*/[0m
Processing by MissionControl::Jobs::QueuesController#index as HTML
  Parameters: {"server_id" => "async", "application_id" => "testmc"}
  Rendering layout /Users/o.kaluzny/.rbenv/versions/3.4.1/lib/ruby/gems/3.4.0/gems/mission_control-jobs-1.0.1/app/views/layouts/mission_control/jobs/application.html.erb
  Rendering /Users/o.kaluzny/.rbenv/versions/3.4.1/lib/ruby/gems/3.4.0/gems/mission_control-jobs-1.0.1/app/views/mission_control/jobs/queues/index.html.erb within layouts/mission_control/jobs/application
  Rendered collection of /Users/o.kaluzny/.rbenv/versions/3.4.1/lib/ruby/gems/3.4.0/gems/mission_control-jobs-1.0.1/app/views/mission_control/jobs/queues/_queue.html.erb [0 times] (Duration: 0.1ms | GC: 0.0ms)
  Rendered /Users/o.kaluzny/.rbenv/versions/3.4.1/lib/ruby/gems/3.4.0/gems/mission_control-jobs-1.0.1/app/views/mission_control/jobs/queues/index.html.erb within layouts/mission_control/jobs/application (Duration: 2.6ms | GC: 0.0ms)
  Rendered /Users/o.kaluzny/.rbenv/versions/3.4.1/lib/ruby/gems/3.4.0/gems/mission_control-jobs-1.0.1/app/views/layouts/mission_control/jobs/application_selection/_servers.html.erb (Duration: 1.7ms | GC: 0.0ms)
  Rendered /Users/o.kaluzny/.rbenv/versions/3.4.1/lib/ruby/gems/3.4.0/gems/mission_control-jobs-1.0.1/app/views/layouts/mission_control/jobs/_application_selection.html.erb (Duration: 2.5ms | GC: 0.0ms)
  Rendered /Users/o.kaluzny/.rbenv/versions/3.4.1/lib/ruby/gems/3.4.0/gems/mission_control-jobs-1.0.1/app/views/layouts/mission_control/jobs/_flash.html.erb (Duration: 0.8ms | GC: 0.0ms)
  Rendered /Users/o.kaluzny/.rbenv/versions/3.4.1/lib/ruby/gems/3.4.0/gems/mission_control-jobs-1.0.1/app/views/layouts/mission_control/jobs/_navigation.html.erb (Duration: 6.7ms | GC: 0.0ms)
  Rendered layout /Users/o.kaluzny/.rbenv/versions/3.4.1/lib/ruby/gems/3.4.0/gems/mission_control-jobs-1.0.1/app/views/layouts/mission_control/jobs/application.html.erb (Duration: 32.5ms | GC: 0.0ms)
Completed 200 OK in 139ms (Views: 36.4ms | ActiveRecord: 0.0ms (0 queries, 0 cached) | GC: 0.0ms)


Started GET "/dummy" for ::1 at 2024-12-30 15:12:53 +0100
Processing by DummyController#show as HTML
  Rendering layout layouts/application.html.erb
  Rendering dummy/show.html.erb within layouts/application
  Rendered dummy/show.html.erb within layouts/application (Duration: 0.4ms | GC: 0.0ms)
  Rendered layout layouts/application.html.erb (Duration: 11.1ms | GC: 0.0ms)
Completed 200 OK in 88ms (Views: 12.6ms | ActiveRecord: 0.0ms (0 queries, 0 cached) | GC: 0.0ms)


Started GET "/jobs/applications/testmc/queues?server_id=async" for ::1 at 2024-12-30 15:14:54 +0100
  [1m[36mActiveRecord::SchemaMigration Load (0.5ms)[0m  [1m[34mSELECT "schema_migrations"."version" FROM "schema_migrations" ORDER BY "schema_migrations"."version" ASC /*application='TestMc'*/[0m
Processing by MissionControl::Jobs::QueuesController#index as HTML
  Parameters: {"server_id" => "async", "application_id" => "testmc"}
  Rendering layout /Users/o.kaluzny/.rbenv/versions/3.4.1/lib/ruby/gems/3.4.0/gems/mission_control-jobs-1.0.1/app/views/layouts/mission_control/jobs/application.html.erb
  Rendering /Users/o.kaluzny/.rbenv/versions/3.4.1/lib/ruby/gems/3.4.0/gems/mission_control-jobs-1.0.1/app/views/mission_control/jobs/queues/index.html.erb within layouts/mission_control/jobs/application
  Rendered collection of /Users/o.kaluzny/.rbenv/versions/3.4.1/lib/ruby/gems/3.4.0/gems/mission_control-jobs-1.0.1/app/views/mission_control/jobs/queues/_queue.html.erb [0 times] (Duration: 0.1ms | GC: 0.0ms)
  Rendered /Users/o.kaluzny/.rbenv/versions/3.4.1/lib/ruby/gems/3.4.0/gems/mission_control-jobs-1.0.1/app/views/mission_control/jobs/queues/index.html.erb within layouts/mission_control/jobs/application (Duration: 2.7ms | GC: 0.0ms)
  Rendered /Users/o.kaluzny/.rbenv/versions/3.4.1/lib/ruby/gems/3.4.0/gems/mission_control-jobs-1.0.1/app/views/layouts/mission_control/jobs/application_selection/_servers.html.erb (Duration: 1.7ms | GC: 0.0ms)
  Rendered /Users/o.kaluzny/.rbenv/versions/3.4.1/lib/ruby/gems/3.4.0/gems/mission_control-jobs-1.0.1/app/views/layouts/mission_control/jobs/_application_selection.html.erb (Duration: 2.4ms | GC: 0.0ms)
  Rendered /Users/o.kaluzny/.rbenv/versions/3.4.1/lib/ruby/gems/3.4.0/gems/mission_control-jobs-1.0.1/app/views/layouts/mission_control/jobs/_flash.html.erb (Duration: 0.8ms | GC: 0.0ms)
  Rendered /Users/o.kaluzny/.rbenv/versions/3.4.1/lib/ruby/gems/3.4.0/gems/mission_control-jobs-1.0.1/app/views/layouts/mission_control/jobs/_navigation.html.erb (Duration: 8.8ms | GC: 0.0ms)
  Rendered layout /Users/o.kaluzny/.rbenv/versions/3.4.1/lib/ruby/gems/3.4.0/gems/mission_control-jobs-1.0.1/app/views/layouts/mission_control/jobs/application.html.erb (Duration: 34.6ms | GC: 0.0ms)
Completed 200 OK in 146ms (Views: 38.6ms | ActiveRecord: 0.0ms (0 queries, 0 cached) | GC: 0.0ms)


Started GET "/" for ::1 at 2024-12-30 15:14:56 +0100
Processing by Rails::WelcomeController#index as HTML
  Rendering /Users/o.kaluzny/.rbenv/versions/3.4.1/lib/ruby/gems/3.4.0/gems/railties-8.0.1/lib/rails/templates/rails/welcome/index.html.erb
  Rendered /Users/o.kaluzny/.rbenv/versions/3.4.1/lib/ruby/gems/3.4.0/gems/railties-8.0.1/lib/rails/templates/rails/welcome/index.html.erb (Duration: 0.8ms | GC: 0.0ms)
Completed 200 OK in 49ms (Views: 1.5ms | ActiveRecord: 0.0ms (0 queries, 0 cached) | GC: 0.0ms)


Started GET "/dummy" for ::1 at 2024-12-30 15:14:58 +0100
Processing by DummyController#show as HTML
  Rendering layout layouts/application.html.erb
  Rendering dummy/show.html.erb within layouts/application
  Rendered dummy/show.html.erb within layouts/application (Duration: 8.3ms | GC: 0.0ms)
  Rendered layout layouts/application.html.erb (Duration: 9.9ms | GC: 0.0ms)
Completed 500 Internal Server Error in 54ms (ActiveRecord: 0.0ms (0 queries, 0 cached) | GC: 0.0ms)


  
ActionView::Template::Error (:de is not a valid locale)
Caused by: I18n::InvalidLocale (:de is not a valid locale)

Information for: ActionView::Template::Error (:de is not a valid locale):
    1: <h1>Test</h1>
    2: 
    3: <%= t('.test') %>
  
app/views/dummy/show.html.erb:3

Information for cause: I18n::InvalidLocale (:de is not a valid locale):
  
app/views/dummy/show.html.erb:3
Started GET "/jobs/applications/testmc/queues?server_id=async" for ::1 at 2024-12-30 15:15:16 +0100
  [1m[36mActiveRecord::SchemaMigration Load (0.5ms)[0m  [1m[34mSELECT "schema_migrations"."version" FROM "schema_migrations" ORDER BY "schema_migrations"."version" ASC /*application='TestMc'*/[0m
Processing by MissionControl::Jobs::QueuesController#index as HTML
  Parameters: {"server_id" => "async", "application_id" => "testmc"}
  Rendering layout /Users/o.kaluzny/.rbenv/versions/3.4.1/lib/ruby/gems/3.4.0/gems/mission_control-jobs-1.0.1/app/views/layouts/mission_control/jobs/application.html.erb
  Rendering /Users/o.kaluzny/.rbenv/versions/3.4.1/lib/ruby/gems/3.4.0/gems/mission_control-jobs-1.0.1/app/views/mission_control/jobs/queues/index.html.erb within layouts/mission_control/jobs/application
  Rendered collection of /Users/o.kaluzny/.rbenv/versions/3.4.1/lib/ruby/gems/3.4.0/gems/mission_control-jobs-1.0.1/app/views/mission_control/jobs/queues/_queue.html.erb [0 times] (Duration: 0.1ms | GC: 0.0ms)
  Rendered /Users/o.kaluzny/.rbenv/versions/3.4.1/lib/ruby/gems/3.4.0/gems/mission_control-jobs-1.0.1/app/views/mission_control/jobs/queues/index.html.erb within layouts/mission_control/jobs/application (Duration: 3.0ms | GC: 0.0ms)
  Rendered /Users/o.kaluzny/.rbenv/versions/3.4.1/lib/ruby/gems/3.4.0/gems/mission_control-jobs-1.0.1/app/views/layouts/mission_control/jobs/application_selection/_servers.html.erb (Duration: 1.9ms | GC: 0.0ms)
  Rendered /Users/o.kaluzny/.rbenv/versions/3.4.1/lib/ruby/gems/3.4.0/gems/mission_control-jobs-1.0.1/app/views/layouts/mission_control/jobs/_application_selection.html.erb (Duration: 2.9ms | GC: 0.0ms)
  Rendered /Users/o.kaluzny/.rbenv/versions/3.4.1/lib/ruby/gems/3.4.0/gems/mission_control-jobs-1.0.1/app/views/layouts/mission_control/jobs/_flash.html.erb (Duration: 0.9ms | GC: 0.0ms)
  Rendered /Users/o.kaluzny/.rbenv/versions/3.4.1/lib/ruby/gems/3.4.0/gems/mission_control-jobs-1.0.1/app/views/layouts/mission_control/jobs/_navigation.html.erb (Duration: 8.4ms | GC: 0.0ms)
  Rendered layout /Users/o.kaluzny/.rbenv/versions/3.4.1/lib/ruby/gems/3.4.0/gems/mission_control-jobs-1.0.1/app/views/layouts/mission_control/jobs/application.html.erb (Duration: 38.0ms | GC: 0.0ms)
Completed 200 OK in 147ms (Views: 42.3ms | ActiveRecord: 0.0ms (0 queries, 0 cached) | GC: 0.0ms)


Started GET "/dummy" for ::1 at 2024-12-30 15:15:17 +0100
Processing by DummyController#show as HTML
  Rendering layout layouts/application.html.erb
  Rendering dummy/show.html.erb within layouts/application
  Rendered dummy/show.html.erb within layouts/application (Duration: 1.2ms | GC: 0.0ms)
  Rendered layout layouts/application.html.erb (Duration: 2.0ms | GC: 0.0ms)
Completed 500 Internal Server Error in 63ms (ActiveRecord: 0.0ms (0 queries, 0 cached) | GC: 0.0ms)


  
ActionView::Template::Error (:fr is not a valid locale)
Caused by: I18n::InvalidLocale (:fr is not a valid locale)

Information for: ActionView::Template::Error (:fr is not a valid locale):
    1: <h1>Test</h1>
    2: 
    3: <%= t('.test') %>
  
app/views/dummy/show.html.erb:3

Information for cause: I18n::InvalidLocale (:fr is not a valid locale):
  
app/views/dummy/show.html.erb:3
